c:\users\phate\onedrive\desktop\uni\hamtarahi\q003\q003\x64\debug\vc143.pdb
c:\users\phate\onedrive\desktop\uni\hamtarahi\q003\q003\x64\debug\vc143.idb
c:\users\phate\onedrive\desktop\uni\hamtarahi\q003\q003\x64\debug\test_sfla_top.obj
c:\users\phate\onedrive\desktop\uni\hamtarahi\q003\q003\x64\debug\shuffler.obj
c:\users\phate\onedrive\desktop\uni\hamtarahi\q003\q003\x64\debug\position_updater.obj
c:\users\phate\onedrive\desktop\uni\hamtarahi\q003\q003\x64\debug\population_sorter.obj
c:\users\phate\onedrive\desktop\uni\hamtarahi\q003\q003\x64\debug\memeplex_divider.obj
c:\users\phate\onedrive\desktop\uni\hamtarahi\q003\q003\x64\debug\fitness_evaluation.obj
c:\users\phate\onedrive\desktop\uni\hamtarahi\q003\q003\x64\debug\filename.obj
c:\users\phate\onedrive\desktop\uni\hamtarahi\q003\q003\x64\debug\control_unit.obj
c:\users\phate\onedrive\desktop\uni\hamtarahi\q003\x64\debug\q003.exe
c:\users\phate\onedrive\desktop\uni\hamtarahi\q003\x64\debug\q003.pdb
c:\users\phate\onedrive\desktop\uni\hamtarahi\q003\q003\x64\debug\q003.ilk
c:\users\phate\onedrive\desktop\uni\hamtarahi\q003\q003\x64\debug\q003.tlog\cl.command.1.tlog
c:\users\phate\onedrive\desktop\uni\hamtarahi\q003\q003\x64\debug\q003.tlog\cl.items.tlog
c:\users\phate\onedrive\desktop\uni\hamtarahi\q003\q003\x64\debug\q003.tlog\cl.read.1.tlog
c:\users\phate\onedrive\desktop\uni\hamtarahi\q003\q003\x64\debug\q003.tlog\cl.write.1.tlog
c:\users\phate\onedrive\desktop\uni\hamtarahi\q003\q003\x64\debug\q003.tlog\link.command.1.tlog
c:\users\phate\onedrive\desktop\uni\hamtarahi\q003\q003\x64\debug\q003.tlog\link.read.1.tlog
c:\users\phate\onedrive\desktop\uni\hamtarahi\q003\q003\x64\debug\q003.tlog\link.secondary.1.tlog
c:\users\phate\onedrive\desktop\uni\hamtarahi\q003\q003\x64\debug\q003.tlog\link.write.1.tlog
